Checking whether the ASM compiler is GNU using "--version" did not match "(GNU assembler)|(GCC)|(Free Software Foundation)":
clang version 13.0.0
Target: x86_64-pc-linux-gnu
Thread model: posix
InstalledDir: /usr/lib/llvm/13/bin
Determining if the include file malloc/malloc.h exists failed with the following output:
Change Dir: /var/tmp/portage/sys-devel/llvm-13.0.1/work/llvm-13.0.1_build-abi_x86_64.amd64/CMakeFiles/CMakeTmp

Run Build Command(s):/usr/bin/ninja cmTC_d4e9e && [1/2] Building C object CMakeFiles/cmTC_d4e9e.dir/CheckIncludeFile.c.o
FAILED: CMakeFiles/cmTC_d4e9e.dir/CheckIncludeFile.c.o 
/usr/lib/llvm/13/bin/clang    -DNDEBUG -march=native -mtune=native -O2 -pipe -flto=thin -MD -MT CMakeFiles/cmTC_d4e9e.dir/CheckIncludeFile.c.o -MF CMakeFiles/cmTC_d4e9e.dir/CheckIncludeFile.c.o.d -o CMakeFiles/cmTC_d4e9e.dir/CheckIncludeFile.c.o -c /var/tmp/portage/sys-devel/llvm-13.0.1/work/llvm-13.0.1_build-abi_x86_64.amd64/CMakeFiles/CMakeTmp/CheckIncludeFile.c
/var/tmp/portage/sys-devel/llvm-13.0.1/work/llvm-13.0.1_build-abi_x86_64.amd64/CMakeFiles/CMakeTmp/CheckIncludeFile.c:1:10: fatal error: 'malloc/malloc.h' file not found
#include <malloc/malloc.h>
         ^~~~~~~~~~~~~~~~~
1 error generated.
ninja: build stopped: subcommand failed.



Determining if the include file valgrind/valgrind.h exists failed with the following output:
Change Dir: /var/tmp/portage/sys-devel/llvm-13.0.1/work/llvm-13.0.1_build-abi_x86_64.amd64/CMakeFiles/CMakeTmp

Run Build Command(s):/usr/bin/ninja cmTC_b46a9 && [1/2] Building C object CMakeFiles/cmTC_b46a9.dir/CheckIncludeFile.c.o
FAILED: CMakeFiles/cmTC_b46a9.dir/CheckIncludeFile.c.o 
/usr/lib/llvm/13/bin/clang    -DNDEBUG -march=native -mtune=native -O2 -pipe -flto=thin -MD -MT CMakeFiles/cmTC_b46a9.dir/CheckIncludeFile.c.o -MF CMakeFiles/cmTC_b46a9.dir/CheckIncludeFile.c.o.d -o CMakeFiles/cmTC_b46a9.dir/CheckIncludeFile.c.o -c /var/tmp/portage/sys-devel/llvm-13.0.1/work/llvm-13.0.1_build-abi_x86_64.amd64/CMakeFiles/CMakeTmp/CheckIncludeFile.c
/var/tmp/portage/sys-devel/llvm-13.0.1/work/llvm-13.0.1_build-abi_x86_64.amd64/CMakeFiles/CMakeTmp/CheckIncludeFile.c:1:10: fatal error: 'valgrind/valgrind.h' file not found
#include <valgrind/valgrind.h>
         ^~~~~~~~~~~~~~~~~~~~~
1 error generated.
ninja: build stopped: subcommand failed.



Determining if the include file mach/mach.h exists failed with the following output:
Change Dir: /var/tmp/portage/sys-devel/llvm-13.0.1/work/llvm-13.0.1_build-abi_x86_64.amd64/CMakeFiles/CMakeTmp

Run Build Command(s):/usr/bin/ninja cmTC_81d53 && [1/2] Building C object CMakeFiles/cmTC_81d53.dir/CheckIncludeFile.c.o
FAILED: CMakeFiles/cmTC_81d53.dir/CheckIncludeFile.c.o 
/usr/lib/llvm/13/bin/clang    -DNDEBUG -march=native -mtune=native -O2 -pipe -flto=thin -MD -MT CMakeFiles/cmTC_81d53.dir/CheckIncludeFile.c.o -MF CMakeFiles/cmTC_81d53.dir/CheckIncludeFile.c.o.d -o CMakeFiles/cmTC_81d53.dir/CheckIncludeFile.c.o -c /var/tmp/portage/sys-devel/llvm-13.0.1/work/llvm-13.0.1_build-abi_x86_64.amd64/CMakeFiles/CMakeTmp/CheckIncludeFile.c
/var/tmp/portage/sys-devel/llvm-13.0.1/work/llvm-13.0.1_build-abi_x86_64.amd64/CMakeFiles/CMakeTmp/CheckIncludeFile.c:1:10: fatal error: 'mach/mach.h' file not found
#include <mach/mach.h>
         ^~~~~~~~~~~~~
1 error generated.
ninja: build stopped: subcommand failed.



Determining if the include file histedit.h exists failed with the following output:
Change Dir: /var/tmp/portage/sys-devel/llvm-13.0.1/work/llvm-13.0.1_build-abi_x86_64.amd64/CMakeFiles/CMakeTmp

Run Build Command(s):/usr/bin/ninja cmTC_6071b && [1/2] Building C object CMakeFiles/cmTC_6071b.dir/CheckIncludeFile.c.o
FAILED: CMakeFiles/cmTC_6071b.dir/CheckIncludeFile.c.o 
/usr/lib/llvm/13/bin/clang    -DNDEBUG -march=native -mtune=native -O2 -pipe -flto=thin -MD -MT CMakeFiles/cmTC_6071b.dir/CheckIncludeFile.c.o -MF CMakeFiles/cmTC_6071b.dir/CheckIncludeFile.c.o.d -o CMakeFiles/cmTC_6071b.dir/CheckIncludeFile.c.o -c /var/tmp/portage/sys-devel/llvm-13.0.1/work/llvm-13.0.1_build-abi_x86_64.amd64/CMakeFiles/CMakeTmp/CheckIncludeFile.c
/var/tmp/portage/sys-devel/llvm-13.0.1/work/llvm-13.0.1_build-abi_x86_64.amd64/CMakeFiles/CMakeTmp/CheckIncludeFile.c:1:10: fatal error: 'histedit.h' file not found
#include <histedit.h>
         ^~~~~~~~~~~~
1 error generated.
ninja: build stopped: subcommand failed.



Determining if the include file CrashReporterClient.h exists failed with the following output:
Change Dir: /var/tmp/portage/sys-devel/llvm-13.0.1/work/llvm-13.0.1_build-abi_x86_64.amd64/CMakeFiles/CMakeTmp

Run Build Command(s):/usr/bin/ninja cmTC_d9344 && [1/2] Building C object CMakeFiles/cmTC_d9344.dir/CheckIncludeFile.c.o
FAILED: CMakeFiles/cmTC_d9344.dir/CheckIncludeFile.c.o 
/usr/lib/llvm/13/bin/clang    -DNDEBUG -march=native -mtune=native -O2 -pipe -flto=thin -MD -MT CMakeFiles/cmTC_d9344.dir/CheckIncludeFile.c.o -MF CMakeFiles/cmTC_d9344.dir/CheckIncludeFile.c.o.d -o CMakeFiles/cmTC_d9344.dir/CheckIncludeFile.c.o -c /var/tmp/portage/sys-devel/llvm-13.0.1/work/llvm-13.0.1_build-abi_x86_64.amd64/CMakeFiles/CMakeTmp/CheckIncludeFile.c
/var/tmp/portage/sys-devel/llvm-13.0.1/work/llvm-13.0.1_build-abi_x86_64.amd64/CMakeFiles/CMakeTmp/CheckIncludeFile.c:1:10: fatal error: 'CrashReporterClient.h' file not found
#include <CrashReporterClient.h>
         ^~~~~~~~~~~~~~~~~~~~~~~
1 error generated.
ninja: build stopped: subcommand failed.



Determining if the arc4random exist failed with the following output:
Change Dir: /var/tmp/portage/sys-devel/llvm-13.0.1/work/llvm-13.0.1_build-abi_x86_64.amd64/CMakeFiles/CMakeTmp

Run Build Command(s):/usr/bin/ninja cmTC_f33d4 && [1/2] Building C object CMakeFiles/cmTC_f33d4.dir/CheckSymbolExists.c.o
FAILED: CMakeFiles/cmTC_f33d4.dir/CheckSymbolExists.c.o 
/usr/lib/llvm/13/bin/clang    -DNDEBUG -march=native -mtune=native -O2 -pipe -flto=thin -MD -MT CMakeFiles/cmTC_f33d4.dir/CheckSymbolExists.c.o -MF CMakeFiles/cmTC_f33d4.dir/CheckSymbolExists.c.o.d -o CMakeFiles/cmTC_f33d4.dir/CheckSymbolExists.c.o -c /var/tmp/portage/sys-devel/llvm-13.0.1/work/llvm-13.0.1_build-abi_x86_64.amd64/CMakeFiles/CMakeTmp/CheckSymbolExists.c
/var/tmp/portage/sys-devel/llvm-13.0.1/work/llvm-13.0.1_build-abi_x86_64.amd64/CMakeFiles/CMakeTmp/CheckSymbolExists.c:8:19: error: use of undeclared identifier 'arc4random'; did you mean 'srandom'?
  return ((int*)(&arc4random))[argc];
                  ^~~~~~~~~~
                  srandom
/usr/include/stdlib.h:404:13: note: 'srandom' declared here
extern void srandom (unsigned int __seed) __THROW;
            ^
1 error generated.
ninja: build stopped: subcommand failed.


File /var/tmp/portage/sys-devel/llvm-13.0.1/work/llvm-13.0.1_build-abi_x86_64.amd64/CMakeFiles/CMakeTmp/CheckSymbolExists.c:
/* */
#include <stdlib.h>

int main(int argc, char** argv)
{
  (void)argv;
#ifndef arc4random
  return ((int*)(&arc4random))[argc];
#else
  (void)argc;
  return 0;
#endif
}
Determining if the mallctl exist failed with the following output:
Change Dir: /var/tmp/portage/sys-devel/llvm-13.0.1/work/llvm-13.0.1_build-abi_x86_64.amd64/CMakeFiles/CMakeTmp

Run Build Command(s):/usr/bin/ninja cmTC_db7d6 && [1/2] Building C object CMakeFiles/cmTC_db7d6.dir/CheckSymbolExists.c.o
FAILED: CMakeFiles/cmTC_db7d6.dir/CheckSymbolExists.c.o 
/usr/lib/llvm/13/bin/clang    -DNDEBUG -march=native -mtune=native -O2 -pipe -flto=thin  -Werror=unguarded-availability-new -MD -MT CMakeFiles/cmTC_db7d6.dir/CheckSymbolExists.c.o -MF CMakeFiles/cmTC_db7d6.dir/CheckSymbolExists.c.o.d -o CMakeFiles/cmTC_db7d6.dir/CheckSymbolExists.c.o -c /var/tmp/portage/sys-devel/llvm-13.0.1/work/llvm-13.0.1_build-abi_x86_64.amd64/CMakeFiles/CMakeTmp/CheckSymbolExists.c
/var/tmp/portage/sys-devel/llvm-13.0.1/work/llvm-13.0.1_build-abi_x86_64.amd64/CMakeFiles/CMakeTmp/CheckSymbolExists.c:2:10: fatal error: 'malloc_np.h' file not found
#include <malloc_np.h>
         ^~~~~~~~~~~~~
1 error generated.
ninja: build stopped: subcommand failed.


File /var/tmp/portage/sys-devel/llvm-13.0.1/work/llvm-13.0.1_build-abi_x86_64.amd64/CMakeFiles/CMakeTmp/CheckSymbolExists.c:
/* */
#include <malloc_np.h>

int main(int argc, char** argv)
{
  (void)argv;
#ifndef mallctl
  return ((int*)(&mallctl))[argc];
#else
  (void)argc;
  return 0;
#endif
}
Determining if the malloc_zone_statistics exist failed with the following output:
Change Dir: /var/tmp/portage/sys-devel/llvm-13.0.1/work/llvm-13.0.1_build-abi_x86_64.amd64/CMakeFiles/CMakeTmp

Run Build Command(s):/usr/bin/ninja cmTC_a0c80 && [1/2] Building C object CMakeFiles/cmTC_a0c80.dir/CheckSymbolExists.c.o
FAILED: CMakeFiles/cmTC_a0c80.dir/CheckSymbolExists.c.o 
/usr/lib/llvm/13/bin/clang    -DNDEBUG -march=native -mtune=native -O2 -pipe -flto=thin  -Werror=unguarded-availability-new -MD -MT CMakeFiles/cmTC_a0c80.dir/CheckSymbolExists.c.o -MF CMakeFiles/cmTC_a0c80.dir/CheckSymbolExists.c.o.d -o CMakeFiles/cmTC_a0c80.dir/CheckSymbolExists.c.o -c /var/tmp/portage/sys-devel/llvm-13.0.1/work/llvm-13.0.1_build-abi_x86_64.amd64/CMakeFiles/CMakeTmp/CheckSymbolExists.c
/var/tmp/portage/sys-devel/llvm-13.0.1/work/llvm-13.0.1_build-abi_x86_64.amd64/CMakeFiles/CMakeTmp/CheckSymbolExists.c:2:10: fatal error: 'malloc/malloc.h' file not found
#include <malloc/malloc.h>
         ^~~~~~~~~~~~~~~~~
1 error generated.
ninja: build stopped: subcommand failed.


File /var/tmp/portage/sys-devel/llvm-13.0.1/work/llvm-13.0.1_build-abi_x86_64.amd64/CMakeFiles/CMakeTmp/CheckSymbolExists.c:
/* */
#include <malloc/malloc.h>

int main(int argc, char** argv)
{
  (void)argv;
#ifndef malloc_zone_statistics
  return ((int*)(&malloc_zone_statistics))[argc];
#else
  (void)argc;
  return 0;
#endif
}
Determining if the strerror_s exist failed with the following output:
Change Dir: /var/tmp/portage/sys-devel/llvm-13.0.1/work/llvm-13.0.1_build-abi_x86_64.amd64/CMakeFiles/CMakeTmp

Run Build Command(s):/usr/bin/ninja cmTC_b3dd7 && [1/2] Building C object CMakeFiles/cmTC_b3dd7.dir/CheckSymbolExists.c.o
FAILED: CMakeFiles/cmTC_b3dd7.dir/CheckSymbolExists.c.o 
/usr/lib/llvm/13/bin/clang    -DNDEBUG -march=native -mtune=native -O2 -pipe -flto=thin  -Werror=unguarded-availability-new -MD -MT CMakeFiles/cmTC_b3dd7.dir/CheckSymbolExists.c.o -MF CMakeFiles/cmTC_b3dd7.dir/CheckSymbolExists.c.o.d -o CMakeFiles/cmTC_b3dd7.dir/CheckSymbolExists.c.o -c /var/tmp/portage/sys-devel/llvm-13.0.1/work/llvm-13.0.1_build-abi_x86_64.amd64/CMakeFiles/CMakeTmp/CheckSymbolExists.c
/var/tmp/portage/sys-devel/llvm-13.0.1/work/llvm-13.0.1_build-abi_x86_64.amd64/CMakeFiles/CMakeTmp/CheckSymbolExists.c:8:19: error: use of undeclared identifier 'strerror_s'
  return ((int*)(&strerror_s))[argc];
                  ^
1 error generated.
ninja: build stopped: subcommand failed.


File /var/tmp/portage/sys-devel/llvm-13.0.1/work/llvm-13.0.1_build-abi_x86_64.amd64/CMakeFiles/CMakeTmp/CheckSymbolExists.c:
/* */
#include <string.h>

int main(int argc, char** argv)
{
  (void)argv;
#ifndef strerror_s
  return ((int*)(&strerror_s))[argc];
#else
  (void)argc;
  return 0;
#endif
}
Determining if the dladdr exist failed with the following output:
Change Dir: /var/tmp/portage/sys-devel/llvm-13.0.1/work/llvm-13.0.1_build-abi_x86_64.amd64/CMakeFiles/CMakeTmp

Run Build Command(s):/usr/bin/ninja cmTC_58705 && [1/2] Building C object CMakeFiles/cmTC_58705.dir/CheckSymbolExists.c.o
FAILED: CMakeFiles/cmTC_58705.dir/CheckSymbolExists.c.o 
/usr/lib/llvm/13/bin/clang    -DNDEBUG -march=native -mtune=native -O2 -pipe -flto=thin  -Werror=unguarded-availability-new -MD -MT CMakeFiles/cmTC_58705.dir/CheckSymbolExists.c.o -MF CMakeFiles/cmTC_58705.dir/CheckSymbolExists.c.o.d -o CMakeFiles/cmTC_58705.dir/CheckSymbolExists.c.o -c /var/tmp/portage/sys-devel/llvm-13.0.1/work/llvm-13.0.1_build-abi_x86_64.amd64/CMakeFiles/CMakeTmp/CheckSymbolExists.c
/var/tmp/portage/sys-devel/llvm-13.0.1/work/llvm-13.0.1_build-abi_x86_64.amd64/CMakeFiles/CMakeTmp/CheckSymbolExists.c:8:19: error: use of undeclared identifier 'dladdr'
  return ((int*)(&dladdr))[argc];
                  ^
1 error generated.
ninja: build stopped: subcommand failed.


File /var/tmp/portage/sys-devel/llvm-13.0.1/work/llvm-13.0.1_build-abi_x86_64.amd64/CMakeFiles/CMakeTmp/CheckSymbolExists.c:
/* */
#include <dlfcn.h>

int main(int argc, char** argv)
{
  (void)argv;
#ifndef dladdr
  return ((int*)(&dladdr))[argc];
#else
  (void)argc;
  return 0;
#endif
}
Performing C SOURCE FILE Test HAVE_STRUCT_STAT_ST_MTIMESPEC_TV_NSEC failed with the following output:
Change Dir: /var/tmp/portage/sys-devel/llvm-13.0.1/work/llvm-13.0.1_build-abi_x86_64.amd64/CMakeFiles/CMakeTmp

Run Build Command(s):/usr/bin/ninja cmTC_cfeb7 && [1/2] Building C object CMakeFiles/cmTC_cfeb7.dir/src.c.o
FAILED: CMakeFiles/cmTC_cfeb7.dir/src.c.o 
/usr/lib/llvm/13/bin/clang -DHAVE_STRUCT_STAT_ST_MTIMESPEC_TV_NSEC   -DNDEBUG -march=native -mtune=native -O2 -pipe -flto=thin  -Werror=unguarded-availability-new -MD -MT CMakeFiles/cmTC_cfeb7.dir/src.c.o -MF CMakeFiles/cmTC_cfeb7.dir/src.c.o.d -o CMakeFiles/cmTC_cfeb7.dir/src.c.o -c /var/tmp/portage/sys-devel/llvm-13.0.1/work/llvm-13.0.1_build-abi_x86_64.amd64/CMakeFiles/CMakeTmp/src.c
/var/tmp/portage/sys-devel/llvm-13.0.1/work/llvm-13.0.1_build-abi_x86_64.amd64/CMakeFiles/CMakeTmp/src.c:7:36: error: no member named 'st_mtimespec' in 'struct stat'
  (void)sizeof(((struct stat *)0)->st_mtimespec.tv_nsec);
               ~~~~~~~~~~~~~~~~~~  ^
1 error generated.
ninja: build stopped: subcommand failed.


Source file was:

#include <sys/types.h>
#include <sys/stat.h>

int main()
{
  (void)sizeof(((struct stat *)0)->st_mtimespec.tv_nsec);
  return 0;
}

Determining if the proc_pid_rusage exist failed with the following output:
Change Dir: /var/tmp/portage/sys-devel/llvm-13.0.1/work/llvm-13.0.1_build-abi_x86_64.amd64/CMakeFiles/CMakeTmp

Run Build Command(s):/usr/bin/ninja cmTC_edf92 && [1/2] Building C object CMakeFiles/cmTC_edf92.dir/CheckSymbolExists.c.o
FAILED: CMakeFiles/cmTC_edf92.dir/CheckSymbolExists.c.o 
/usr/lib/llvm/13/bin/clang -D_GNU_SOURCE   -DNDEBUG -march=native -mtune=native -O2 -pipe -flto=thin  -Werror=unguarded-availability-new -MD -MT CMakeFiles/cmTC_edf92.dir/CheckSymbolExists.c.o -MF CMakeFiles/cmTC_edf92.dir/CheckSymbolExists.c.o.d -o CMakeFiles/cmTC_edf92.dir/CheckSymbolExists.c.o -c /var/tmp/portage/sys-devel/llvm-13.0.1/work/llvm-13.0.1_build-abi_x86_64.amd64/CMakeFiles/CMakeTmp/CheckSymbolExists.c
/var/tmp/portage/sys-devel/llvm-13.0.1/work/llvm-13.0.1_build-abi_x86_64.amd64/CMakeFiles/CMakeTmp/CheckSymbolExists.c:2:10: fatal error: 'libproc.h' file not found
#include <libproc.h>
         ^~~~~~~~~~~
1 error generated.
ninja: build stopped: subcommand failed.


File /var/tmp/portage/sys-devel/llvm-13.0.1/work/llvm-13.0.1_build-abi_x86_64.amd64/CMakeFiles/CMakeTmp/CheckSymbolExists.c:
/* */
#include <libproc.h>

int main(int argc, char** argv)
{
  (void)argv;
#ifndef proc_pid_rusage
  return ((int*)(&proc_pid_rusage))[argc];
#else
  (void)argc;
  return 0;
#endif
}
Performing C++ SOURCE FILE Test HAVE_CXX_ATOMICS_WITHOUT_LIB failed with the following output:
Change Dir: /var/tmp/portage/sys-devel/llvm-13.0.1/work/llvm-13.0.1_build-abi_x86_64.amd64/CMakeFiles/CMakeTmp

Run Build Command(s):/usr/bin/ninja cmTC_dc5f2 && [1/2] Building CXX object CMakeFiles/cmTC_dc5f2.dir/src.cxx.o
[2/2] Linking CXX executable cmTC_dc5f2
FAILED: cmTC_dc5f2 
: && /usr/lib/llvm/13/bin/clang++ -march=native -mtune=native -O2 -pipe -flto=thin  -Werror=unguarded-availability-new -std=c++11 -fuse-ld=lld -rtlib=compiler-rt -unwindlib=libunwind -Wl,-O2 -Wl,--as-needed -Wl,-z,relro,-z,now CMakeFiles/cmTC_dc5f2.dir/src.cxx.o -o cmTC_dc5f2  -lm && :
ld.lld: error: Invalid value (Producer: 'LLVM13.0.0' Reader: 'LLVM 12.0.1')
clang-13: error: linker command failed with exit code 1 (use -v to see invocation)
ninja: build stopped: subcommand failed.


Source file was:

#include <atomic>
std::atomic<int> x;
std::atomic<short> y;
std::atomic<char> z;
int main() {
  ++z;
  ++y;
  return ++x;
}

Performing C++ SOURCE FILE Test HAVE_CXX_ATOMICS_WITH_LIB failed with the following output:
Change Dir: /var/tmp/portage/sys-devel/llvm-13.0.1/work/llvm-13.0.1_build-abi_x86_64.amd64/CMakeFiles/CMakeTmp

Run Build Command(s):/usr/bin/ninja cmTC_36159 && [1/2] Building CXX object CMakeFiles/cmTC_36159.dir/src.cxx.o
[2/2] Linking CXX executable cmTC_36159
FAILED: cmTC_36159 
: && /usr/lib/llvm/13/bin/clang++ -march=native -mtune=native -O2 -pipe -flto=thin  -Werror=unguarded-availability-new -std=c++11 -fuse-ld=lld -rtlib=compiler-rt -unwindlib=libunwind -Wl,-O2 -Wl,--as-needed -Wl,-z,relro,-z,now CMakeFiles/cmTC_36159.dir/src.cxx.o -o cmTC_36159  -lm  -latomic && :
ld.lld: error: Invalid value (Producer: 'LLVM13.0.0' Reader: 'LLVM 12.0.1')
clang-13: error: linker command failed with exit code 1 (use -v to see invocation)
ninja: build stopped: subcommand failed.


Source file was:

#include <atomic>
std::atomic<int> x;
std::atomic<short> y;
std::atomic<char> z;
int main() {
  ++z;
  ++y;
  return ++x;
}

